<?xml version="1.0" encoding="UTF-8"?>
<!-- Generated by org.testng.reporters.JUnitReportReporter -->
<testsuite skipped="0" hostname="spitfire.local" name="HomePageTest" tests="2" failures="0" timestamp="09 Jul 2019 20:33:23 GMT" time="2.363" errors="0">
  <testcase name="login" time="2.363" classname="HomePageTest"/>
  <testcase name="title" time="0.000" classname="HomePageTest"/>
</testsuite> <!-- HomePageTest -->
